2022-10-25 17:35:04.773  INFO 33180 --- [main] com.jeff.SpringBoot11LogApplication      : Starting SpringBoot11LogApplication using Java 11.0.12 on DESKTOP-7Q2U92P with PID 33180 (C:\develop\LearningNotes\Java\springBoot\springBoot\springBoot_11_log\target\classes started by USER in C:\develop\LearningNotes\Java\springBoot\springBoot)
2022-10-25 17:35:04.775  INFO 33180 --- [main] com.jeff.SpringBoot11LogApplication      : No active profile set, falling back to 1 default profile: "default"
2022-10-25 17:35:05.244  INFO 33180 --- [main] o.s.b.w.embedded.tomcat.TomcatWebServer  : Tomcat initialized with port(s): 80 (http)
2022-10-25 17:35:05.250  INFO 33180 --- [main] o.apache.catalina.core.StandardService   : Starting service [Tomcat]
2022-10-25 17:35:05.250  INFO 33180 --- [main] org.apache.catalina.core.StandardEngine  : Starting Servlet engine: [Apache Tomcat/9.0.68]
2022-10-25 17:35:05.308  INFO 33180 --- [main] o.a.c.c.C.[Tomcat].[localhost].[/]       : Initializing Spring embedded WebApplicationContext
2022-10-25 17:35:05.309  INFO 33180 --- [main] w.s.c.ServletWebServerApplicationContext : Root WebApplicationContext: initialization completed in 508 ms
2022-10-25 17:35:05.495  INFO 33180 --- [main] o.s.b.w.embedded.tomcat.TomcatWebServer  : Tomcat started on port(s): 80 (http) with context path ''
2022-10-25 17:35:05.502  INFO 33180 --- [main] com.jeff.SpringBoot11LogApplication      : Started SpringBoot11LogApplication in 1.003 seconds (JVM running for 1.538)
2022-10-25 17:35:08.165  INFO 33180 --- [http-nio-80-exec-1] o.a.c.c.C.[Tomcat].[localhost].[/]       : Initializing Spring DispatcherServlet 'dispatcherServlet'
2022-10-25 17:35:08.166  INFO 33180 --- [http-nio-80-exec-1] o.s.web.servlet.DispatcherServlet        : Initializing Servlet 'dispatcherServlet'
2022-10-25 17:35:08.166  INFO 33180 --- [http-nio-80-exec-1] o.s.web.servlet.DispatcherServlet        : Completed initialization in 0 ms
2022-10-25 17:35:08.178 DEBUG 33180 --- [http-nio-80-exec-1] com.jeff.controller.BookController       : debug...
2022-10-25 17:35:08.178  INFO 33180 --- [http-nio-80-exec-1] com.jeff.controller.BookController       : info...
2022-10-25 17:35:08.178  WARN 33180 --- [http-nio-80-exec-1] com.jeff.controller.BookController       : warn...
2022-10-25 17:35:08.178 ERROR 33180 --- [http-nio-80-exec-1] com.jeff.controller.BookController       : error...
2022-10-25 17:35:08.293 DEBUG 33180 --- [http-nio-80-exec-2] com.jeff.controller.BookController       : debug...
2022-10-25 17:35:08.293  INFO 33180 --- [http-nio-80-exec-2] com.jeff.controller.BookController       : info...
2022-10-25 17:35:08.293  WARN 33180 --- [http-nio-80-exec-2] com.jeff.controller.BookController       : warn...
2022-10-25 17:35:08.293 ERROR 33180 --- [http-nio-80-exec-2] com.jeff.controller.BookController       : error...
2022-10-25 17:35:08.440 DEBUG 33180 --- [http-nio-80-exec-3] com.jeff.controller.BookController       : debug...
2022-10-25 17:35:08.440  INFO 33180 --- [http-nio-80-exec-3] com.jeff.controller.BookController       : info...
2022-10-25 17:35:08.440  WARN 33180 --- [http-nio-80-exec-3] com.jeff.controller.BookController       : warn...
2022-10-25 17:35:08.440 ERROR 33180 --- [http-nio-80-exec-3] com.jeff.controller.BookController       : error...
2022-10-25 17:35:08.590 DEBUG 33180 --- [http-nio-80-exec-4] com.jeff.controller.BookController       : debug...
2022-10-25 17:35:08.590  INFO 33180 --- [http-nio-80-exec-4] com.jeff.controller.BookController       : info...
2022-10-25 17:35:08.590  WARN 33180 --- [http-nio-80-exec-4] com.jeff.controller.BookController       : warn...
2022-10-25 17:35:08.590 ERROR 33180 --- [http-nio-80-exec-4] com.jeff.controller.BookController       : error...
2022-10-25 17:35:08.729 DEBUG 33180 --- [http-nio-80-exec-5] com.jeff.controller.BookController       : debug...
2022-10-25 17:35:08.729  INFO 33180 --- [http-nio-80-exec-5] com.jeff.controller.BookController       : info...
2022-10-25 17:35:08.729  WARN 33180 --- [http-nio-80-exec-5] com.jeff.controller.BookController       : warn...
